<html>
<head>
<title>TestNG:  t11</title>
<link href="../testng.css" rel="stylesheet" type="text/css" />
<link href="../my-testng.css" rel="stylesheet" type="text/css" />

<style type="text/css">
.log { display: none;} 
.stack-trace { display: none;} 
</style>
<script type="text/javascript">
<!--
function flip(e) {
  current = e.style.display;
  if (current == 'block') {
    e.style.display = 'none';
    return 0;
  }
  else {
    e.style.display = 'block';
    return 1;
  }
}

function toggleBox(szDivId, elem, msg1, msg2)
{
  var res = -1;  if (document.getElementById) {
    res = flip(document.getElementById(szDivId));
  }
  else if (document.all) {
    // this is the way old msie versions work
    res = flip(document.all[szDivId]);
  }
  if(elem) {
    if(res == 0) elem.innerHTML = msg1; else elem.innerHTML = msg2;
  }

}

function toggleAllBoxes() {
  if (document.getElementsByTagName) {
    d = document.getElementsByTagName('div');
    for (i = 0; i < d.length; i++) {
      if (d[i].className == 'log') {
        flip(d[i]);
      }
    }
  }
}

// -->
</script>

</head>
<body>
<h2 align='center'>t11</h2><table border='1' align="center">
<tr>
<td>Tests passed/Failed/Skipped:</td><td>0/1/0</td>
</tr><tr>
<td>Started on:</td><td>Sat Dec 16 21:17:39 IST 2017</td>
</tr>
<tr><td>Total time:</td><td>93 seconds (93009 ms)</td>
</tr><tr>
<td>Included groups:</td><td></td>
</tr><tr>
<td>Excluded groups:</td><td></td>
</tr>
</table><p/>
<small><i>(Hover the method name to see the test class name)</i></small><p/>
<table width='100%' border='1' class='invocation-failed'>
<tr><td colspan='4' align='center'><b>FAILED TESTS</b></td></tr>
<tr><td><b>Test method</b></td>
<td width="30%"><b>Exception</b></td>
<td width="10%"><b>Time (seconds)</b></td>
<td><b>Instance</b></td>
</tr>
<tr>
<td title='com.tata.selenium.test.supplierProvisioningCases.TC_10_NewSupplierEditing.DO()'><b>DO</b><br>Test class: com.tata.selenium.test.supplierProvisioningCases.TC_10_NewSupplierEditing<br>Parameters: Data_11, TC_11<br/>
<a href="#Output-1551446957" onClick='toggleBox("Output-1551446957", this, "Show output", "Hide output");'>Show output</a>

<a href="#Output-1551446957" onClick="toggleAllBoxes();">Show all outputs</a>
<div class='log' id="Output-1551446957">
Executing Test Case -TC_11 -with TestdataId : Data_11<br/>
New CHROME LOCAL driver instantiated<br/>
URL launched is : https://10.133.43.10:8443/MessagingInstance<br/>
TATA Messaging Login Page appear/loaded successfully<br/>
Username 'sonali.das@tatacommunications.com' entered sucessfully<br/>
Password 'Welcome01' entered sucessfully<br/>
Submit Btn clicked sucessfully<br/>
MessagingInstanceHomePage Page loaded successfully<br/>
Successfully switched  to //iframe[@scrolling='no'] frame<br/>
TATA Messaging Home Page appear/loaded successfully<br/>
After Login Screen verified sucessfully<br/>
Successfully switched  to //iframe[@name='bottom'] frame<br/>
Successfully switched  to index frame<br/>
Navigation Bar appear/loaded successfully<br/>
Supplier Provisioning page opened sucessfully<br/>
Successfully switched  to bottom frame<br/>
Successfully switched  to target frame<br/>
Supplier_Name_DropDown_Button - having xpath 'By.xpath: //select[@id='supplier']/..//button[contains(@class, 'dropdown')]' clicked sucessfully<br/>
UAB VERTEX [34942] has been sent/entered to elemet Supplier_Name_DropDown_SearchTextbox<br/>
Supplier_Name_DropDown_Dynamic_LabelOPtion - having xpath 'By.xpath: //select[@id='supplier']/..//label[@class='radio'][normalize-space(text())='UAB VERTEX [34942]']' clicked sucessfully<br/>
Supplier_Account_Name_DropDown_Button - having xpath 'By.xpath: //select[@id='suppAccName']/..//button[contains(@class, 'dropdown')]' clicked sucessfully<br/>
Test_HTTP_01 [34942-3] has been sent/entered to elemet Supplier_Account_Name_DropDown_SearchTextbox<br/>
Supplier_Account_Name_DropDown_Dynamic_LabelOPtion - having xpath 'By.xpath: //select[@id='suppAccName']/..//label[@class='radio'][normalize-space(text())='Test_HTTP_01 [34942-3]']' clicked sucessfully<br/>
 Page loaded successfully<br/>
Validation Passed: SubmitBtn should be non editable before clicking Edit Btn<br/>
supplier_EditBtn - having xpath 'By.xpath: //*[@id="editButton"]' clicked sucessfully<br/>
 Page loaded successfully<br/>
Traffic_InfoTab - having xpath 'By.xpath: //h3[text()='Traffic Information (same across all instances)']' clicked sucessfully<br/>
Data  '30' entered sucessfully in the Traffic_ThrottlingTxt box<br/>
Selected - 'Alphanumeric' from the dropdown<br/>
 Page loaded successfully<br/>
SMPP_InfoTab - having xpath 'By.xpath: //h3[text()='SMPP Information']' clicked sucessfully<br/>
SMPP_InfoTab Page loaded successfully<br/>
Data  'test_au' entered sucessfully in the SMPP_SysIdTxt box<br/>
Data  'testau' entered sucessfully in the SMPP_PasswordTxt box<br/>
Data  '10.1.2.5' entered sucessfully in the SMPP_HostIPTxt box<br/>
Selected - 'GSM 7bits' from the dropdown<br/>
 Page loaded successfully<br/>
Selected - 'GSM 8bits' from the dropdown<br/>
 Page loaded successfully<br/>
SS7_InfoTab - having xpath 'By.xpath: //h3[text()='SS7 Information']' clicked sucessfully<br/>
SS7_Throttling field is editable<br/>
supplier_SubmitBtn - having xpath 'By.xpath: //*[@id="submitButton"]' clicked sucessfully<br/>
POP Up has appeared now<br/>
Appeared Pop is  - Warning: This action will also submit the details for other instances and create an order. Do you want to Continue?  but expected POP Up was Warning: This action will submit the details and create an order. Do you want to Continue?<br/>
 Page loaded successfully<br/>
POP Up has appeared now<br/>
Appeared Pop is  - The supplier provisioning information have been successfully entered.  but expected POP Up was The supplier provisioning information have been successfully entered<br/>
Successfully switched  to //iframe[@scrolling='no'] frame<br/>
logout Successful<br/>
</div>
</td>
<td><div><pre>java.lang.AssertionError: Test case is having some failed/warning steps. Please check in the report
	at com.tata.selenium.utils.CommonUtils.checkRunStatus(CommonUtils.java:271)
	at com.tata.selenium.test.supplierProvisioningCases.TC_10_NewSupplierEditing.DO(TC_10_NewSupplierEditing.java:280)
... Removed 26 stack frames</pre></div><a href='#' onClick='toggleBox("stack-trace1551446957", this, "Click to show all stack frames", "Click to hide stack frames")'>Click to show all stack frames</a>
<div class='stack-trace' id='stack-trace1551446957'><pre>java.lang.AssertionError: Test case is having some failed/warning steps. Please check in the report
	at org.testng.Assert.fail(Assert.java:94)
	at com.tata.selenium.utils.CommonUtils.checkRunStatus(CommonUtils.java:271)
	at com.tata.selenium.test.supplierProvisioningCases.TC_10_NewSupplierEditing.DO(TC_10_NewSupplierEditing.java:280)
	at sun.reflect.NativeMethodAccessorImpl.invoke0(Native Method)
	at sun.reflect.NativeMethodAccessorImpl.invoke(Unknown Source)
	at sun.reflect.DelegatingMethodAccessorImpl.invoke(Unknown Source)
	at java.lang.reflect.Method.invoke(Unknown Source)
	at org.testng.internal.MethodInvocationHelper.invokeMethod(MethodInvocationHelper.java:100)
	at org.testng.internal.Invoker.invokeMethod(Invoker.java:646)
	at org.testng.internal.Invoker.invokeTestMethod(Invoker.java:811)
	at org.testng.internal.Invoker.invokeTestMethods(Invoker.java:1129)
	at org.testng.internal.TestMethodWorker.invokeTestMethods(TestMethodWorker.java:129)
	at org.testng.internal.TestMethodWorker.run(TestMethodWorker.java:112)
	at org.testng.TestRunner.privateRun(TestRunner.java:746)
	at org.testng.TestRunner.run(TestRunner.java:600)
	at org.testng.SuiteRunner.runTest(SuiteRunner.java:366)
	at org.testng.SuiteRunner.runSequentially(SuiteRunner.java:361)
	at org.testng.SuiteRunner.privateRun(SuiteRunner.java:319)
	at org.testng.SuiteRunner.run(SuiteRunner.java:268)
	at org.testng.SuiteRunnerWorker.runSuite(SuiteRunnerWorker.java:52)
	at org.testng.SuiteRunnerWorker.run(SuiteRunnerWorker.java:86)
	at org.testng.TestNG.runSuitesSequentially(TestNG.java:1264)
	at org.testng.TestNG.runSuitesLocally(TestNG.java:1189)
	at org.testng.TestNG.runSuites(TestNG.java:1104)
	at org.testng.TestNG.run(TestNG.java:1076)
	at org.testng.remote.AbstractRemoteTestNG.run(AbstractRemoteTestNG.java:126)
	at org.testng.remote.RemoteTestNG.initAndRun(RemoteTestNG.java:152)
	at org.testng.remote.RemoteTestNG.main(RemoteTestNG.java:57)
</pre></div></td>
<td>90</td>
<td>com.tata.selenium.test.supplierProvisioningCases.TC_10_NewSupplierEditing@799d4f69</td></tr>
</table><p>
</body>
</html>