<html>
<head>
<title>TestNG:  t5</title>
<link href="../testng.css" rel="stylesheet" type="text/css" />
<link href="../my-testng.css" rel="stylesheet" type="text/css" />

<style type="text/css">
.log { display: none;} 
.stack-trace { display: none;} 
</style>
<script type="text/javascript">
<!--
function flip(e) {
  current = e.style.display;
  if (current == 'block') {
    e.style.display = 'none';
    return 0;
  }
  else {
    e.style.display = 'block';
    return 1;
  }
}

function toggleBox(szDivId, elem, msg1, msg2)
{
  var res = -1;  if (document.getElementById) {
    res = flip(document.getElementById(szDivId));
  }
  else if (document.all) {
    // this is the way old msie versions work
    res = flip(document.all[szDivId]);
  }
  if(elem) {
    if(res == 0) elem.innerHTML = msg1; else elem.innerHTML = msg2;
  }

}

function toggleAllBoxes() {
  if (document.getElementsByTagName) {
    d = document.getElementsByTagName('div');
    for (i = 0; i < d.length; i++) {
      if (d[i].className == 'log') {
        flip(d[i]);
      }
    }
  }
}

// -->
</script>

</head>
<body>
<h2 align='center'>t5</h2><table border='1' align="center">
<tr>
<td>Tests passed/Failed/Skipped:</td><td>0/1/0</td>
</tr><tr>
<td>Started on:</td><td>Sun Dec 17 20:40:24 IST 2017</td>
</tr>
<tr><td>Total time:</td><td>69 seconds (69820 ms)</td>
</tr><tr>
<td>Included groups:</td><td></td>
</tr><tr>
<td>Excluded groups:</td><td></td>
</tr>
</table><p/>
<small><i>(Hover the method name to see the test class name)</i></small><p/>
<table width='100%' border='1' class='invocation-failed'>
<tr><td colspan='4' align='center'><b>FAILED TESTS</b></td></tr>
<tr><td><b>Test method</b></td>
<td width="30%"><b>Exception</b></td>
<td width="10%"><b>Time (seconds)</b></td>
<td><b>Instance</b></td>
</tr>
<tr>
<td title='com.tata.selenium.test.productPriceManagement.TC_04_ValidateNegativePrice.DO()'><b>DO</b><br>Test class: com.tata.selenium.test.productPriceManagement.TC_04_ValidateNegativePrice<br>Parameters: Data_05, TC_04<br/>
<a href="#Output-1758056825" onClick='toggleBox("Output-1758056825", this, "Show output", "Hide output");'>Show output</a>

<a href="#Output-1758056825" onClick="toggleAllBoxes();">Show all outputs</a>
<div class='log' id="Output-1758056825">
Executing Test Case -TC_04 -with TestdataId : Data_05<br/>
New CHROME LOCAL driver instantiated<br/>
URL launched is : https://10.133.43.10:8443/MessagingInstance<br/>
TATA Messaging Login Page appear/loaded successfully<br/>
Username 'sonali.das@tatacommunications.com' entered sucessfully<br/>
Password 'Welcome01' entered sucessfully<br/>
Submit Btn clicked sucessfully<br/>
MessagingInstanceHomePage Page loaded successfully<br/>
Successfully switched  to //iframe[@scrolling='no'] frame<br/>
TATA Messaging Home Page appear/loaded successfully<br/>
After Login Screen verified sucessfully<br/>
Successfully switched  to //iframe[@name='bottom'] frame<br/>
Successfully switched  to index frame<br/>
Navigation Bar appear/loaded successfully<br/>
Product Price Management page opened sucessfully<br/>
Successfully switched  to bottom frame<br/>
Successfully switched  to target frame<br/>
Selected - 'MT SMS' from the dropdown<br/>
 Page loaded successfully<br/>
Selected - 'Mx-MT-2WLC' from the dropdown<br/>
 Page loaded successfully<br/>
DisplayBtn - having xpath 'By.xpath: //input[@id='displayButton']' clicked sucessfully<br/>
ProductPriceManagement Page loaded successfully<br/>
displayedRows element Exist<br/>
//*[@id='myTable']/tbody/tr/td[contains(text(),'AFGHAN WIRELESS')]/../td[8]/a -  clicked sucessfully<br/>
newTab_Country Element is present and displayed in the page<br/>
newTab_Destination Element is present and displayed in the page<br/>
newTab_MCC_MNC Element is present and displayed in the page<br/>
newTab_Routing_Criteria Element is present and displayed in the page<br/>
newTab_Current_Price Element is present and displayed in the page<br/>
newTab_NewPrice Element is present and displayed in the page<br/>
newTab_NewEffectiveDate Element is present and displayed in the page<br/>
newTab_Currency Element is present and displayed in the page<br/>
Data  '10' entered sucessfully in the newTab_NewPrice box<br/>
clickOutside - having xpath 'By.id: saveButton'  click failed  - org.openqa.selenium.WebDriverException: unknown error: Element <input type="button" class="CSSButton" id="saveButton" value="Save" onclick="passValues();"> is not clickable at point (647, 283). Other element would receive the click: <div id="body">...</div>
  (Session info: chrome=63.0.3239.84)
  (Driver info: chromedriver=2.33.506120 (e3e53437346286c0bc2d2dc9aa4915ba81d9023f),platform=Windows NT 10.0.16299 x86_64) (WARNING: The server did not provide any stacktrace information)
Command duration or timeout: 80 milliseconds
Build info: version: '3.3.1', revision: '5234b325d5', time: '2017-03-10 09:10:29 +0000'
System info: host: 'PAVILION', ip: '10.149.232.52', os.name: 'Windows 10', os.arch: 'amd64', os.version: '10.0', java.version: '1.8.0_77'
Driver info: org.openqa.selenium.chrome.ChromeDriver
Capabilities [{applicationCacheEnabled=false, rotatable=false, mobileEmulationEnabled=false, networkConnectionEnabled=false, chrome={chromedriverVersion=2.33.506120 (e3e53437346286c0bc2d2dc9aa4915ba81d9023f), userDataDir=C:\Users\Hp\AppData\Local\Temp\scoped_dir8028_14975}, takesHeapSnapshot=true, pageLoadStrategy=normal, databaseEnabled=false, handlesAlerts=true, hasTouchScreen=false, version=63.0.3239.84, platform=XP, browserConnectionEnabled=false, nativeEvents=true, acceptSslCerts=true, locationContextEnabled=true, webStorageEnabled=true, browserName=chrome, takesScreenshot=true, javascriptEnabled=true, cssSelectorsEnabled=true, setWindowRect=true, unexpectedAlertBehaviour=}]
Session ID: 6f47e81eafecfa64537edc5a00b741bc<br/>
POP Up has appeared now<br/>
Appeared Pop is  - Warning: The price should be between 0.0000 and 0.2000.  but expected POP Up was Warning: The price should be between 0.0000 and 0.2300.<br/>
Successfully switched  to bottom frame<br/>
Successfully switched  to target frame<br/>
Successfully switched  to //iframe[@scrolling='no'] frame<br/>
logout Successful<br/>
</div>
</td>
<td><div><pre>java.lang.AssertionError: Test case is having some failed/warning steps. Please check in the report
	at com.tata.selenium.utils.CommonUtils.checkRunStatus(CommonUtils.java:271)
	at com.tata.selenium.test.productPriceManagement.TC_04_ValidateNegativePrice.DO(TC_04_ValidateNegativePrice.java:162)
... Removed 26 stack frames</pre></div><a href='#' onClick='toggleBox("stack-trace1758056825", this, "Click to show all stack frames", "Click to hide stack frames")'>Click to show all stack frames</a>
<div class='stack-trace' id='stack-trace1758056825'><pre>java.lang.AssertionError: Test case is having some failed/warning steps. Please check in the report
	at org.testng.Assert.fail(Assert.java:94)
	at com.tata.selenium.utils.CommonUtils.checkRunStatus(CommonUtils.java:271)
	at com.tata.selenium.test.productPriceManagement.TC_04_ValidateNegativePrice.DO(TC_04_ValidateNegativePrice.java:162)
	at sun.reflect.NativeMethodAccessorImpl.invoke0(Native Method)
	at sun.reflect.NativeMethodAccessorImpl.invoke(Unknown Source)
	at sun.reflect.DelegatingMethodAccessorImpl.invoke(Unknown Source)
	at java.lang.reflect.Method.invoke(Unknown Source)
	at org.testng.internal.MethodInvocationHelper.invokeMethod(MethodInvocationHelper.java:100)
	at org.testng.internal.Invoker.invokeMethod(Invoker.java:646)
	at org.testng.internal.Invoker.invokeTestMethod(Invoker.java:811)
	at org.testng.internal.Invoker.invokeTestMethods(Invoker.java:1129)
	at org.testng.internal.TestMethodWorker.invokeTestMethods(TestMethodWorker.java:129)
	at org.testng.internal.TestMethodWorker.run(TestMethodWorker.java:112)
	at org.testng.TestRunner.privateRun(TestRunner.java:746)
	at org.testng.TestRunner.run(TestRunner.java:600)
	at org.testng.SuiteRunner.runTest(SuiteRunner.java:366)
	at org.testng.SuiteRunner.runSequentially(SuiteRunner.java:361)
	at org.testng.SuiteRunner.privateRun(SuiteRunner.java:319)
	at org.testng.SuiteRunner.run(SuiteRunner.java:268)
	at org.testng.SuiteRunnerWorker.runSuite(SuiteRunnerWorker.java:52)
	at org.testng.SuiteRunnerWorker.run(SuiteRunnerWorker.java:86)
	at org.testng.TestNG.runSuitesSequentially(TestNG.java:1264)
	at org.testng.TestNG.runSuitesLocally(TestNG.java:1189)
	at org.testng.TestNG.runSuites(TestNG.java:1104)
	at org.testng.TestNG.run(TestNG.java:1076)
	at org.testng.remote.AbstractRemoteTestNG.run(AbstractRemoteTestNG.java:126)
	at org.testng.remote.RemoteTestNG.initAndRun(RemoteTestNG.java:152)
	at org.testng.remote.RemoteTestNG.main(RemoteTestNG.java:57)
</pre></div></td>
<td>66</td>
<td>com.tata.selenium.test.productPriceManagement.TC_04_ValidateNegativePrice@799d4f69</td></tr>
</table><p>
</body>
</html>