<html>
<head>
<title>TestNG:  t6</title>
<link href="../testng.css" rel="stylesheet" type="text/css" />
<link href="../my-testng.css" rel="stylesheet" type="text/css" />

<style type="text/css">
.log { display: none;} 
.stack-trace { display: none;} 
</style>
<script type="text/javascript">
<!--
function flip(e) {
  current = e.style.display;
  if (current == 'block') {
    e.style.display = 'none';
    return 0;
  }
  else {
    e.style.display = 'block';
    return 1;
  }
}

function toggleBox(szDivId, elem, msg1, msg2)
{
  var res = -1;  if (document.getElementById) {
    res = flip(document.getElementById(szDivId));
  }
  else if (document.all) {
    // this is the way old msie versions work
    res = flip(document.all[szDivId]);
  }
  if(elem) {
    if(res == 0) elem.innerHTML = msg1; else elem.innerHTML = msg2;
  }

}

function toggleAllBoxes() {
  if (document.getElementsByTagName) {
    d = document.getElementsByTagName('div');
    for (i = 0; i < d.length; i++) {
      if (d[i].className == 'log') {
        flip(d[i]);
      }
    }
  }
}

// -->
</script>

</head>
<body>
<h2 align='center'>t6</h2><table border='1' align="center">
<tr>
<td>Tests passed/Failed/Skipped:</td><td>0/1/0</td>
</tr><tr>
<td>Started on:</td><td>Tue Aug 15 10:27:28 IST 2017</td>
</tr>
<tr><td>Total time:</td><td>306 seconds (306335 ms)</td>
</tr><tr>
<td>Included groups:</td><td></td>
</tr><tr>
<td>Excluded groups:</td><td></td>
</tr>
</table><p/>
<small><i>(Hover the method name to see the test class name)</i></small><p/>
<table width='100%' border='1' class='invocation-failed'>
<tr><td colspan='4' align='center'><b>FAILED TESTS</b></td></tr>
<tr><td><b>Test method</b></td>
<td width="30%"><b>Exception</b></td>
<td width="10%"><b>Time (seconds)</b></td>
<td><b>Instance</b></td>
</tr>
<tr>
<td title='com.tata.com.selenium.test.RADailyReport.TC_04_RAValidateDataMOSMS.DO()'><b>DO</b><br>Test class: com.tata.com.selenium.test.RADailyReport.TC_04_RAValidateDataMOSMS<br>Parameters: Data_06, TC_04<br/>
<a href="#Output-88646218" onClick='toggleBox("Output-88646218", this, "Show output", "Hide output");'>Show output</a>

<a href="#Output-88646218" onClick="toggleAllBoxes();">Show all outputs</a>
<div class='log' id="Output-88646218">
Executing Test Case -TC_04 -with TestdataId : Data_06<br/>
New CHROME LOCAL driver instantiated<br/>
URL launched is : https://mtmdevmblws01:8443/CustCovrgMsgBeta<br/>
TATA Messaging Login Page appear/loaded successfully<br/>
Username 'sonali.das@tatacommunications.com' entered sucessfully<br/>
Password 'Welcome01' entered sucessfully<br/>
Submit Btn clicked sucessfully<br/>
MessagingInstanceHomePage Page loaded successfully<br/>
Successfully switched  to //iframe[@scrolling='no'] frame<br/>
TATA Messaging Home Page appear/loaded successfully<br/>
After Login Screen verified sucessfully<br/>
Successfully switched  to //iframe[@name='bottom'] frame<br/>
Successfully switched  to index frame<br/>
Navigation Bar appear/loaded successfully<br/>
Financial RA Daily Report page opened sucessfully<br/>
Successfully switched  to bottom frame<br/>
Successfully switched  to target frame<br/>
Selected - 'MO SMS' from the dropdown<br/>
Selected - 'ADAM - F-ITXC TEST CUSTOMER AND SUPPLIER' from the dropdown<br/>
Selected - 'ALL' from the dropdown<br/>
Selected - 'ALL' from the dropdown<br/>
FromDate - having xpath 'By.xpath: //input[@id='frmDate']' clicked sucessfully<br/>
ToDate - having xpath 'By.xpath: //input[@id='toDate']' clicked sucessfully<br/>
DisplayBtn - having xpath 'By.xpath: //input[@id='diplayButton']' clicked sucessfully<br/>
Exception occured while looking for element : application_PopUpTitle  - org.openqa.selenium.NoSuchElementException: no such element: Unable to locate element: {"method":"id","selector":"ui-id-1"}
  (Session info: chrome=60.0.3112.90)
  (Driver info: chromedriver=2.29.461591 (62ebf098771772160f391d75e589dc567915b233),platform=Windows NT 10.0.10586 x86_64) (WARNING: The server did not provide any stacktrace information)
Command duration or timeout: 3.03 seconds
For documentation on this error, please visit: http://seleniumhq.org/exceptions/no_such_element.html
Build info: version: '3.3.1', revision: '5234b325d5', time: '2017-03-10 09:10:29 +0000'
System info: host: 'PAVILION', ip: '10.150.233.195', os.name: 'Windows 10', os.arch: 'amd64', os.version: '10.0', java.version: '1.8.0_77'
Driver info: org.openqa.selenium.chrome.ChromeDriver
Capabilities [{applicationCacheEnabled=false, rotatable=false, mobileEmulationEnabled=false, networkConnectionEnabled=false, chrome={chromedriverVersion=2.29.461591 (62ebf098771772160f391d75e589dc567915b233), userDataDir=C:\Users\Hp\AppData\Local\Temp\scoped_dir14896_27481}, takesHeapSnapshot=true, pageLoadStrategy=normal, databaseEnabled=false, handlesAlerts=true, hasTouchScreen=false, version=60.0.3112.90, platform=XP, browserConnectionEnabled=false, nativeEvents=true, acceptSslCerts=true, locationContextEnabled=true, webStorageEnabled=true, browserName=chrome, takesScreenshot=true, javascriptEnabled=true, cssSelectorsEnabled=true, unexpectedAlertBehaviour=}]
Session ID: 8c0650309e852147d18e7e2813212b0d
*** Element info: {Using=id, value=ui-id-1}<br/>
Element exist<br/>
AllfilesInFolder :1<br/>
file: RA_Daily_Report.csv<br/>
deleted all files from download loaction<br/>
ExportBtn - having xpath 'By.xpath: //a[@title='Export']' clicked sucessfully<br/>
RA Daily Report Page loaded successfully<br/>
checking for download completed<br/>
no downloads pending<br/>
dowloaded file path: C:\selenium\files\RA_Daily_Report.csv<br/>
Successfully switched  to //iframe[@scrolling='no'] frame<br/>
logout Successful<br/>
</div>
</td>
<td><div><pre>java.lang.AssertionError: Test case is having some failed/warning steps. Please check in the report
	at com.tata.selenium.utils.CommonUtils.checkRunStatus(CommonUtils.java:261)
	at com.tata.com.selenium.test.RADailyReport.TC_04_RAValidateDataMOSMS.DO(TC_04_RAValidateDataMOSMS.java:269)
... Removed 26 stack frames</pre></div><a href='#' onClick='toggleBox("stack-trace88646218", this, "Click to show all stack frames", "Click to hide stack frames")'>Click to show all stack frames</a>
<div class='stack-trace' id='stack-trace88646218'><pre>java.lang.AssertionError: Test case is having some failed/warning steps. Please check in the report
	at org.testng.Assert.fail(Assert.java:94)
	at com.tata.selenium.utils.CommonUtils.checkRunStatus(CommonUtils.java:261)
	at com.tata.com.selenium.test.RADailyReport.TC_04_RAValidateDataMOSMS.DO(TC_04_RAValidateDataMOSMS.java:269)
	at sun.reflect.NativeMethodAccessorImpl.invoke0(Native Method)
	at sun.reflect.NativeMethodAccessorImpl.invoke(NativeMethodAccessorImpl.java:62)
	at sun.reflect.DelegatingMethodAccessorImpl.invoke(DelegatingMethodAccessorImpl.java:43)
	at java.lang.reflect.Method.invoke(Method.java:498)
	at org.testng.internal.MethodInvocationHelper.invokeMethod(MethodInvocationHelper.java:100)
	at org.testng.internal.Invoker.invokeMethod(Invoker.java:646)
	at org.testng.internal.Invoker.invokeTestMethod(Invoker.java:811)
	at org.testng.internal.Invoker.invokeTestMethods(Invoker.java:1129)
	at org.testng.internal.TestMethodWorker.invokeTestMethods(TestMethodWorker.java:129)
	at org.testng.internal.TestMethodWorker.run(TestMethodWorker.java:112)
	at org.testng.TestRunner.privateRun(TestRunner.java:746)
	at org.testng.TestRunner.run(TestRunner.java:600)
	at org.testng.SuiteRunner.runTest(SuiteRunner.java:366)
	at org.testng.SuiteRunner.runSequentially(SuiteRunner.java:361)
	at org.testng.SuiteRunner.privateRun(SuiteRunner.java:319)
	at org.testng.SuiteRunner.run(SuiteRunner.java:268)
	at org.testng.SuiteRunnerWorker.runSuite(SuiteRunnerWorker.java:52)
	at org.testng.SuiteRunnerWorker.run(SuiteRunnerWorker.java:86)
	at org.testng.TestNG.runSuitesSequentially(TestNG.java:1264)
	at org.testng.TestNG.runSuitesLocally(TestNG.java:1189)
	at org.testng.TestNG.runSuites(TestNG.java:1104)
	at org.testng.TestNG.run(TestNG.java:1076)
	at org.testng.remote.AbstractRemoteTestNG.run(AbstractRemoteTestNG.java:126)
	at org.testng.remote.RemoteTestNG.initAndRun(RemoteTestNG.java:152)
	at org.testng.remote.RemoteTestNG.main(RemoteTestNG.java:57)
</pre></div></td>
<td>303</td>
<td>com.tata.com.selenium.test.RADailyReport.TC_04_RAValidateDataMOSMS@32cf48b7</td></tr>
</table><p>
</body>
</html>