<?xml version="1.0" encoding="UTF-8"?>
<!-- Generated by org.testng.reporters.JUnitXMLReporter -->
<testsuite hostname="Pavilion" name="t6" tests="1" failures="1" timestamp="15 Aug 2017 05:02:35 GMT" time="306.335" errors="0">
  <testcase name="DO" time="303.599" classname="com.tata.com.selenium.test.RADailyReport.TC_04_RAValidateDataMOSMS">
    <failure type="java.lang.AssertionError" message="Test case is having some failed/warning steps. Please check in the report">
      <![CDATA[java.lang.AssertionError: Test case is having some failed/warning steps. Please check in the report
	at com.tata.selenium.utils.CommonUtils.checkRunStatus(CommonUtils.java:261)
	at com.tata.com.selenium.test.RADailyReport.TC_04_RAValidateDataMOSMS.DO(TC_04_RAValidateDataMOSMS.java:269)
... Removed 26 stack frames]]>
    </failure>
  </testcase> <!-- DO -->
</testsuite> <!-- t6 -->
