<html>
<head>
<title>TestNG:  t7</title>
<link href="../testng.css" rel="stylesheet" type="text/css" />
<link href="../my-testng.css" rel="stylesheet" type="text/css" />

<style type="text/css">
.log { display: none;} 
.stack-trace { display: none;} 
</style>
<script type="text/javascript">
<!--
function flip(e) {
  current = e.style.display;
  if (current == 'block') {
    e.style.display = 'none';
    return 0;
  }
  else {
    e.style.display = 'block';
    return 1;
  }
}

function toggleBox(szDivId, elem, msg1, msg2)
{
  var res = -1;  if (document.getElementById) {
    res = flip(document.getElementById(szDivId));
  }
  else if (document.all) {
    // this is the way old msie versions work
    res = flip(document.all[szDivId]);
  }
  if(elem) {
    if(res == 0) elem.innerHTML = msg1; else elem.innerHTML = msg2;
  }

}

function toggleAllBoxes() {
  if (document.getElementsByTagName) {
    d = document.getElementsByTagName('div');
    for (i = 0; i < d.length; i++) {
      if (d[i].className == 'log') {
        flip(d[i]);
      }
    }
  }
}

// -->
</script>

</head>
<body>
<h2 align='center'>t7</h2><table border='1' align="center">
<tr>
<td>Tests passed/Failed/Skipped:</td><td>0/1/0</td>
</tr><tr>
<td>Started on:</td><td>Sun Dec 17 16:35:04 IST 2017</td>
</tr>
<tr><td>Total time:</td><td>47 seconds (47620 ms)</td>
</tr><tr>
<td>Included groups:</td><td></td>
</tr><tr>
<td>Excluded groups:</td><td></td>
</tr>
</table><p/>
<small><i>(Hover the method name to see the test class name)</i></small><p/>
<table width='100%' border='1' class='invocation-failed'>
<tr><td colspan='4' align='center'><b>FAILED TESTS</b></td></tr>
<tr><td><b>Test method</b></td>
<td width="30%"><b>Exception</b></td>
<td width="10%"><b>Time (seconds)</b></td>
<td><b>Instance</b></td>
</tr>
<tr>
<td title='com.tata.selenium.test.productPriceManagement.TC_06_UploadWithInvalidCost.DO()'><b>DO</b><br>Test class: com.tata.selenium.test.productPriceManagement.TC_06_UploadWithInvalidCost<br>Parameters: Data_07, TC_06<br/>
<a href="#Output-2104842259" onClick='toggleBox("Output-2104842259", this, "Show output", "Hide output");'>Show output</a>

<a href="#Output-2104842259" onClick="toggleAllBoxes();">Show all outputs</a>
<div class='log' id="Output-2104842259">
Executing Test Case -TC_06 -with TestdataId : Data_07<br/>
New CHROME LOCAL driver instantiated<br/>
URL launched is : https://10.133.43.10:8443/MessagingInstance<br/>
TATA Messaging Login Page appear/loaded successfully<br/>
Username 'sonali.das@tatacommunications.com' entered sucessfully<br/>
Password 'Welcome01' entered sucessfully<br/>
Submit Btn clicked sucessfully<br/>
MessagingInstanceHomePage Page loaded successfully<br/>
Successfully switched  to //iframe[@scrolling='no'] frame<br/>
TATA Messaging Home Page appear/loaded successfully<br/>
After Login Screen verified sucessfully<br/>
Successfully switched  to //iframe[@name='bottom'] frame<br/>
Successfully switched  to index frame<br/>
Navigation Bar appear/loaded successfully<br/>
Product Price Management page opened sucessfully<br/>
Successfully switched  to bottom frame<br/>
Successfully switched  to target frame<br/>
Selected - 'MT SMS' from the dropdown<br/>
 Page loaded successfully<br/>
Selected - 'Mx-MT-2WLC' from the dropdown<br/>
 Page loaded successfully<br/>
CurrencyTxt field is non editable and the value present is USD<br/>
DisplayBtn - having xpath 'By.xpath: //input[@id='displayButton']' clicked sucessfully<br/>
AllfilesInFolder :1<br/>
file: 49095-COVERAGE-07-DEC-2017.csv<br/>
deleted all files from download loaction<br/>
exportImgBtn - having xpath 'By.xpath: //img[@src='/MessagingInstance/Images/export.png']' clicked sucessfully<br/>
Product Price Management Page loaded successfully<br/>
checking for download completed<br/>
no downloads pending<br/>
dowloaded file path: C:\selenium\files\49095-COVERAGE-07-DEC-2017.csv<br/>
CSV file has been generated as the input: C:\Users\Hp\git\ui_automationscript\temp\-17-12-2017_16-35-40\49095-COVERAGE-07-DEC-2017.csv<br/>
C:\Users\Hp\git\ui_automationscript\temp\-17-12-2017_16-35-40\49095-COVERAGE-07-DEC-2017.csv has been sent/entered to elemet PriceManagement_UploadBtn<br/>
POP Up has appeared now<br/>
Appeared Pop is  - Warning: This action will upload the Selected CSV. Do you want to Continue ?  but expected POP Up was Warning: This action will upload the Selected CSV. Do you want to Continue?<br/>
 Page loaded successfully<br/>
POP Up has appeared now<br/>
Appeared Pop is  - AFGHAN WIRELESS - The format for New Price is wrong - found in the row 1 AFGHAN WIRELESS - Date format is wrong, expected format is (DD-MM-YYYY) - found in the row 1  but expected POP Up was AFGHAN WIRELESS - The format for New Price is wrong - found in the row 1<br/>
Successfully switched  to //iframe[@scrolling='no'] frame<br/>
logout Successful<br/>
</div>
</td>
<td><div><pre>java.lang.AssertionError: Test case is having some failed/warning steps. Please check in the report
	at com.tata.selenium.utils.CommonUtils.checkRunStatus(CommonUtils.java:271)
	at com.tata.selenium.test.productPriceManagement.TC_06_UploadWithInvalidCost.DO(TC_06_UploadWithInvalidCost.java:112)
... Removed 26 stack frames</pre></div><a href='#' onClick='toggleBox("stack-trace2104842259", this, "Click to show all stack frames", "Click to hide stack frames")'>Click to show all stack frames</a>
<div class='stack-trace' id='stack-trace2104842259'><pre>java.lang.AssertionError: Test case is having some failed/warning steps. Please check in the report
	at org.testng.Assert.fail(Assert.java:94)
	at com.tata.selenium.utils.CommonUtils.checkRunStatus(CommonUtils.java:271)
	at com.tata.selenium.test.productPriceManagement.TC_06_UploadWithInvalidCost.DO(TC_06_UploadWithInvalidCost.java:112)
	at sun.reflect.NativeMethodAccessorImpl.invoke0(Native Method)
	at sun.reflect.NativeMethodAccessorImpl.invoke(Unknown Source)
	at sun.reflect.DelegatingMethodAccessorImpl.invoke(Unknown Source)
	at java.lang.reflect.Method.invoke(Unknown Source)
	at org.testng.internal.MethodInvocationHelper.invokeMethod(MethodInvocationHelper.java:100)
	at org.testng.internal.Invoker.invokeMethod(Invoker.java:646)
	at org.testng.internal.Invoker.invokeTestMethod(Invoker.java:811)
	at org.testng.internal.Invoker.invokeTestMethods(Invoker.java:1129)
	at org.testng.internal.TestMethodWorker.invokeTestMethods(TestMethodWorker.java:129)
	at org.testng.internal.TestMethodWorker.run(TestMethodWorker.java:112)
	at org.testng.TestRunner.privateRun(TestRunner.java:746)
	at org.testng.TestRunner.run(TestRunner.java:600)
	at org.testng.SuiteRunner.runTest(SuiteRunner.java:366)
	at org.testng.SuiteRunner.runSequentially(SuiteRunner.java:361)
	at org.testng.SuiteRunner.privateRun(SuiteRunner.java:319)
	at org.testng.SuiteRunner.run(SuiteRunner.java:268)
	at org.testng.SuiteRunnerWorker.runSuite(SuiteRunnerWorker.java:52)
	at org.testng.SuiteRunnerWorker.run(SuiteRunnerWorker.java:86)
	at org.testng.TestNG.runSuitesSequentially(TestNG.java:1264)
	at org.testng.TestNG.runSuitesLocally(TestNG.java:1189)
	at org.testng.TestNG.runSuites(TestNG.java:1104)
	at org.testng.TestNG.run(TestNG.java:1076)
	at org.testng.remote.AbstractRemoteTestNG.run(AbstractRemoteTestNG.java:126)
	at org.testng.remote.RemoteTestNG.initAndRun(RemoteTestNG.java:152)
	at org.testng.remote.RemoteTestNG.main(RemoteTestNG.java:57)
</pre></div></td>
<td>45</td>
<td>com.tata.selenium.test.productPriceManagement.TC_06_UploadWithInvalidCost@77be656f</td></tr>
</table><p>
</body>
</html>