<?xml version="1.0" encoding="UTF-8"?>
<!-- Generated by org.testng.reporters.JUnitXMLReporter -->
<testsuite hostname="Pavilion" name="TC_04" tests="1" failures="1" timestamp="15 Aug 2017 06:01:49 GMT" time="71.722" errors="0">
  <testcase name="DO" time="70.477" classname="com.tata.selenium.test.deliveryStatistics.TC_02_DeliveryStatisticsDisplayData">
    <failure type="java.lang.AssertionError" message="Data is not displayed after clicking on Display button with selected parameters">
      <![CDATA[java.lang.AssertionError: Data is not displayed after clicking on Display button with selected parameters
	at com.tata.selenium.test.deliveryStatistics.TC_02_DeliveryStatisticsDisplayData.DO(TC_02_DeliveryStatisticsDisplayData.java:134)
... Removed 26 stack frames]]>
    </failure>
  </testcase> <!-- DO -->
</testsuite> <!-- TC_04 -->
