<html>
<head>
<title>TestNG:  TC_07</title>
<link href="../testng.css" rel="stylesheet" type="text/css" />
<link href="../my-testng.css" rel="stylesheet" type="text/css" />

<style type="text/css">
.log { display: none;} 
.stack-trace { display: none;} 
</style>
<script type="text/javascript">
<!--
function flip(e) {
  current = e.style.display;
  if (current == 'block') {
    e.style.display = 'none';
    return 0;
  }
  else {
    e.style.display = 'block';
    return 1;
  }
}

function toggleBox(szDivId, elem, msg1, msg2)
{
  var res = -1;  if (document.getElementById) {
    res = flip(document.getElementById(szDivId));
  }
  else if (document.all) {
    // this is the way old msie versions work
    res = flip(document.all[szDivId]);
  }
  if(elem) {
    if(res == 0) elem.innerHTML = msg1; else elem.innerHTML = msg2;
  }

}

function toggleAllBoxes() {
  if (document.getElementsByTagName) {
    d = document.getElementsByTagName('div');
    for (i = 0; i < d.length; i++) {
      if (d[i].className == 'log') {
        flip(d[i]);
      }
    }
  }
}

// -->
</script>

</head>
<body>
<h2 align='center'>TC_07</h2><table border='1' align="center">
<tr>
<td>Tests passed/Failed/Skipped:</td><td>0/1/0</td>
</tr><tr>
<td>Started on:</td><td>Thu Jul 13 01:32:38 IST 2017</td>
</tr>
<tr><td>Total time:</td><td>167 seconds (167357 ms)</td>
</tr><tr>
<td>Included groups:</td><td></td>
</tr><tr>
<td>Excluded groups:</td><td></td>
</tr>
</table><p/>
<small><i>(Hover the method name to see the test class name)</i></small><p/>
<table width='100%' border='1' class='invocation-failed'>
<tr><td colspan='4' align='center'><b>FAILED TESTS</b></td></tr>
<tr><td><b>Test method</b></td>
<td width="30%"><b>Exception</b></td>
<td width="10%"><b>Time (seconds)</b></td>
<td><b>Instance</b></td>
</tr>
<tr>
<td title='com.tata.selenium.test.deliveryStatistics.TC_05_SelectSupplier.DO()'><b>DO</b><br>Test class: com.tata.selenium.test.deliveryStatistics.TC_05_SelectSupplier<br>Parameters: Data_06, TC_05<br/>
<a href="#Output-1437983537" onClick='toggleBox("Output-1437983537", this, "Show output", "Hide output");'>Show output</a>

<a href="#Output-1437983537" onClick="toggleAllBoxes();">Show all outputs</a>
<div class='log' id="Output-1437983537">
Executing Test Case -TC_05 -with TestdataId : Data_06<br/>
New CHROME REMOTE driver instantiated<br/>
URL launched is : https://mtmdevmblws01:8443/MMXProd<br/>
TATA Messaging Login Page appear/loaded successfully<br/>
Username 'sonali.das@tatacommunications.com' entered sucessfully<br/>
Password 'Welcome01' entered sucessfully<br/>
Submit Btn clicked sucessfully<br/>
MessagingInstanceHomePage Page loaded successfully<br/>
Successfully switched  to //iframe[@scrolling='no'] frame<br/>
TATA Messaging Home Page appear/loaded successfully<br/>
After Login Screen verified sucessfully<br/>
Successfully switched  to //iframe[@name='bottom'] frame<br/>
Successfully switched  to index frame<br/>
Navigation Bar appear/loaded successfully<br/>
Reporting Delivery Statistics page opened sucessfully<br/>
Successfully switched  to bottom frame<br/>
Successfully switched  to target frame<br/>
POP Up has appeared now<br/>
Validation passed as Pop up is being displayed and it is  - No data for the selected input parameters.<br/>
DeliveryStatisticsPage - having xpath 'By.xpath: //td/label[text()='Delivery Statistics']' clicked sucessfully<br/>
DeliveryStatisticsPage - having xpath 'By.xpath: //td/label[text()='Delivery Statistics']' clicked sucessfully<br/>
DeliveryStat_FromDateTxt element is clicked<br/>
selectMonth element is clicked<br/>
clickOutside - having xpath 'By.xpath: //td[text()='From Date*']' clicked sucessfully<br/>
DeliveryStat_ToDateTxt element is clicked<br/>
selectMonth_ToDate element is clicked<br/>
DeliveryStat_DisplayBtn - having xpath 'By.xpath: //input[@id='diplayButton']' clicked sucessfully<br/>
Exception occured while getting text from element : DynamicAttempted  - org.openqa.selenium.NoSuchElementException: no such element: Unable to locate element: {"method":"xpath","selector":"//tr[td[a[text()='$SupplierORCustomerAccORDestinationVal$']]]/td[3]"}
  (Session info: chrome=59.0.3071.115)
  (Driver info: chromedriver=2.29.461591 (62ebf098771772160f391d75e589dc567915b233),platform=Windows NT 6.3.9600 x86_64) (WARNING: The server did not provide any stacktrace information)
Command duration or timeout: 3.03 seconds
For documentation on this error, please visit: http://seleniumhq.org/exceptions/no_such_element.html
Build info: version: '3.4.0', revision: 'unknown', time: 'unknown'
System info: host: 'CAMTTVDAPP16', ip: '192.168.40.43', os.name: 'Windows Server 2012 R2', os.arch: 'amd64', os.version: '6.3', java.version: '1.8.0_121'
Driver info: org.openqa.selenium.chrome.ChromeDriver
Capabilities [{applicationCacheEnabled=false, rotatable=false, mobileEmulationEnabled=false, networkConnectionEnabled=false, chrome={chromedriverVersion=2.29.461591 (62ebf098771772160f391d75e589dc567915b233), userDataDir=C:\Users\MMXAUT~1\AppData\Local\Temp\scoped_dir4868_16008}, takesHeapSnapshot=true, pageLoadStrategy=normal, databaseEnabled=false, handlesAlerts=true, hasTouchScreen=false, version=59.0.3071.115, platform=WIN8_1, browserConnectionEnabled=false, nativeEvents=true, acceptSslCerts=true, locationContextEnabled=true, webStorageEnabled=true, browserName=chrome, takesScreenshot=true, javascriptEnabled=true, cssSelectorsEnabled=true, unexpectedAlertBehaviour=}]
Session ID: 6dacd83445fe50b2952ee2e56fe44196
*** Element info: {Using=xpath, value=//tr[td[a[text()='$SupplierORCustomerAccORDestinationVal$']]]/td[3]}
Command duration or timeout: 9.20 seconds<br/>
</div>
</td>
<td><div><pre>java.lang.NullPointerException
	at com.tata.selenium.test.deliveryStatistics.TC_05_SelectSupplier.DO(TC_05_SelectSupplier.java:161)
... Removed 25 stack frames</pre></div><a href='#' onClick='toggleBox("stack-trace1437983537", this, "Click to show all stack frames", "Click to hide stack frames")'>Click to show all stack frames</a>
<div class='stack-trace' id='stack-trace1437983537'><pre>java.lang.NullPointerException
	at com.tata.selenium.test.deliveryStatistics.TC_05_SelectSupplier.DO(TC_05_SelectSupplier.java:161)
	at sun.reflect.NativeMethodAccessorImpl.invoke0(Native Method)
	at sun.reflect.NativeMethodAccessorImpl.invoke(NativeMethodAccessorImpl.java:62)
	at sun.reflect.DelegatingMethodAccessorImpl.invoke(DelegatingMethodAccessorImpl.java:43)
	at java.lang.reflect.Method.invoke(Method.java:498)
	at org.testng.internal.MethodInvocationHelper.invokeMethod(MethodInvocationHelper.java:108)
	at org.testng.internal.Invoker.invokeMethod(Invoker.java:661)
	at org.testng.internal.Invoker.invokeTestMethod(Invoker.java:869)
	at org.testng.internal.Invoker.invokeTestMethods(Invoker.java:1193)
	at org.testng.internal.TestMethodWorker.invokeTestMethods(TestMethodWorker.java:126)
	at org.testng.internal.TestMethodWorker.run(TestMethodWorker.java:109)
	at org.testng.TestRunner.privateRun(TestRunner.java:744)
	at org.testng.TestRunner.run(TestRunner.java:602)
	at org.testng.SuiteRunner.runTest(SuiteRunner.java:380)
	at org.testng.SuiteRunner.runSequentially(SuiteRunner.java:375)
	at org.testng.SuiteRunner.privateRun(SuiteRunner.java:340)
	at org.testng.SuiteRunner.run(SuiteRunner.java:289)
	at org.testng.SuiteRunnerWorker.runSuite(SuiteRunnerWorker.java:52)
	at org.testng.SuiteRunnerWorker.run(SuiteRunnerWorker.java:86)
	at org.testng.TestNG.runSuitesSequentially(TestNG.java:1301)
	at org.testng.TestNG.runSuitesLocally(TestNG.java:1226)
	at org.testng.TestNG.runSuites(TestNG.java:1144)
	at org.testng.TestNG.run(TestNG.java:1115)
	at org.testng.remote.AbstractRemoteTestNG.run(AbstractRemoteTestNG.java:132)
	at org.testng.remote.RemoteTestNG.initAndRun(RemoteTestNG.java:230)
	at org.testng.remote.RemoteTestNG.main(RemoteTestNG.java:76)
</pre></div></td>
<td>165</td>
<td>com.tata.selenium.test.deliveryStatistics.TC_05_SelectSupplier@3ffcd140</td></tr>
</table><p>
</body>
</html>