<!DOCTYPE html PUBLIC "-//W3C//DTD XHTML 1.1//EN" "http://www.w3.org/TR/xhtml11/DTD/xhtml11.dtd">
<html xmlns="http://www.w3.org/1999/xhtml"><head><title>TestNG Report</title><style type="text/css">table {margin-bottom:10px;border-collapse:collapse;empty-cells:show}th,td {border:1px solid #009;padding:.25em .5em}th {vertical-align:bottom}td {vertical-align:top}table a {font-weight:bold}.stripe td {background-color: #E6EBF9}.num {text-align:right}.passedodd td {background-color: #3F3}.passedeven td {background-color: #0A0}.skippedodd td {background-color: #DDD}.skippedeven td {background-color: #CCC}.failedodd td,.attn {background-color: #F33}.failedeven td,.stripe .attn {background-color: #D00}.stacktrace {white-space:pre;font-family:monospace}.totop {font-size:85%;text-align:center;border-bottom:2px solid #000}</style></head><body><table><tr><th>Test</th><th># Passed</th><th># Skipped</th><th># Failed</th><th>Time (ms)</th><th>Included Groups</th><th>Excluded Groups</th></tr><tr><th colspan="7">Suite</th></tr><tr><td><a href="#t0">t5</a></td><td class="num">0</td><td class="num">0</td><td class="num attn">1</td><td class="num">69,820</td><td></td><td></td></tr></table><table><thead><tr><th>Class</th><th>Method</th><th>Start</th><th>Time (ms)</th></tr></thead><tbody><tr><th colspan="4">Suite</th></tr></tbody><tbody id="t0"><tr><th colspan="4">t5 &#8212; failed</th></tr><tr class="failedeven"><td rowspan="1">com.tata.selenium.test.productPriceManagement.TC_04_ValidateNegativePrice</td><td><a href="#m0">DO</a></td><td rowspan="1">1513523424397</td><td rowspan="1">66863</td></tr></tbody></table><h2>t5</h2><h3 id="m0">com.tata.selenium.test.productPriceManagement.TC_04_ValidateNegativePrice#DO</h3><table class="result"><tr class="param"><th>Parameter #1</th><th>Parameter #2</th></tr><tr class="param stripe"><td>Data_05</td><td>TC_04</td></tr><tr><th colspan="2">Messages</th></tr><tr><td colspan="2"><div class="messages">Executing Test Case -TC_04 -with TestdataId : Data_05<br/>New CHROME LOCAL driver instantiated<br/>URL launched is : https://10.133.43.10:8443/MessagingInstance<br/>TATA Messaging Login Page appear/loaded successfully<br/>Username &apos;sonali.das@tatacommunications.com&apos; entered sucessfully<br/>Password &apos;Welcome01&apos; entered sucessfully<br/>Submit Btn clicked sucessfully<br/>MessagingInstanceHomePage Page loaded successfully<br/>Successfully switched  to //iframe[@scrolling=&apos;no&apos;] frame<br/>TATA Messaging Home Page appear/loaded successfully<br/>After Login Screen verified sucessfully<br/>Successfully switched  to //iframe[@name=&apos;bottom&apos;] frame<br/>Successfully switched  to index frame<br/>Navigation Bar appear/loaded successfully<br/>Product Price Management page opened sucessfully<br/>Successfully switched  to bottom frame<br/>Successfully switched  to target frame<br/>Selected - &apos;MT SMS&apos; from the dropdown<br/> Page loaded successfully<br/>Selected - &apos;Mx-MT-2WLC&apos; from the dropdown<br/> Page loaded successfully<br/>DisplayBtn - having xpath &apos;By.xpath: //input[@id=&apos;displayButton&apos;]&apos; clicked sucessfully<br/>ProductPriceManagement Page loaded successfully<br/>displayedRows element Exist<br/>//*[@id=&apos;myTable&apos;]/tbody/tr/td[contains(text(),&apos;AFGHAN WIRELESS&apos;)]/../td[8]/a -  clicked sucessfully<br/>newTab_Country Element is present and displayed in the page<br/>newTab_Destination Element is present and displayed in the page<br/>newTab_MCC_MNC Element is present and displayed in the page<br/>newTab_Routing_Criteria Element is present and displayed in the page<br/>newTab_Current_Price Element is present and displayed in the page<br/>newTab_NewPrice Element is present and displayed in the page<br/>newTab_NewEffectiveDate Element is present and displayed in the page<br/>newTab_Currency Element is present and displayed in the page<br/>Data  &apos;10&apos; entered sucessfully in the newTab_NewPrice box<br/>clickOutside - having xpath &apos;By.id: saveButton&apos;  click failed  - org.openqa.selenium.WebDriverException: unknown error: Element &lt;input type=&quot;button&quot; class=&quot;CSSButton&quot; id=&quot;saveButton&quot; value=&quot;Save&quot; onclick=&quot;passValues();&quot;&gt; is not clickable at point (647, 283). Other element would receive the click: &lt;div id=&quot;body&quot;&gt;...&lt;/div&gt;
  (Session info: chrome=63.0.3239.84)
  (Driver info: chromedriver=2.33.506120 (e3e53437346286c0bc2d2dc9aa4915ba81d9023f),platform=Windows NT 10.0.16299 x86_64) (WARNING: The server did not provide any stacktrace information)
Command duration or timeout: 80 milliseconds
Build info: version: &apos;3.3.1&apos;, revision: &apos;5234b325d5&apos;, time: &apos;2017-03-10 09:10:29 +0000&apos;
System info: host: &apos;PAVILION&apos;, ip: &apos;10.149.232.52&apos;, os.name: &apos;Windows 10&apos;, os.arch: &apos;amd64&apos;, os.version: &apos;10.0&apos;, java.version: &apos;1.8.0_77&apos;
Driver info: org.openqa.selenium.chrome.ChromeDriver
Capabilities [{applicationCacheEnabled=false, rotatable=false, mobileEmulationEnabled=false, networkConnectionEnabled=false, chrome={chromedriverVersion=2.33.506120 (e3e53437346286c0bc2d2dc9aa4915ba81d9023f), userDataDir=C:\Users\Hp\AppData\Local\Temp\scoped_dir8028_14975}, takesHeapSnapshot=true, pageLoadStrategy=normal, databaseEnabled=false, handlesAlerts=true, hasTouchScreen=false, version=63.0.3239.84, platform=XP, browserConnectionEnabled=false, nativeEvents=true, acceptSslCerts=true, locationContextEnabled=true, webStorageEnabled=true, browserName=chrome, takesScreenshot=true, javascriptEnabled=true, cssSelectorsEnabled=true, setWindowRect=true, unexpectedAlertBehaviour=}]
Session ID: 6f47e81eafecfa64537edc5a00b741bc<br/>POP Up has appeared now<br/>Appeared Pop is  - Warning: The price should be between 0.0000 and 0.2000.  but expected POP Up was Warning: The price should be between 0.0000 and 0.2300.<br/>Successfully switched  to bottom frame<br/>Successfully switched  to target frame<br/>Successfully switched  to //iframe[@scrolling=&apos;no&apos;] frame<br/>logout Successful</div></td></tr><tr><th colspan="2">Exception</th></tr><tr><td colspan="2"><div class="stacktrace">java.lang.AssertionError: Test case is having some failed/warning steps. Please check in the report
	at com.tata.selenium.utils.CommonUtils.checkRunStatus(CommonUtils.java:271)
	at com.tata.selenium.test.productPriceManagement.TC_04_ValidateNegativePrice.DO(TC_04_ValidateNegativePrice.java:162)
... Removed 26 stack frames</div></td></tr></table><p class="totop"><a href="#summary">back to summary</a></p></body></html>